
*** Running vivado
    with args -log Add1bitB.vds -m64 -product Vivado -mode batch -messageDb vivado.pb -notrace -source Add1bitB.tcl



****** Vivado v2020.2 (64-bit)
  **** SW Build 3064766 on Wed Nov 18 09:12:45 MST 2020
  **** IP Build 3064653 on Wed Nov 18 14:17:31 MST 2020
    ** Copyright 1986-2020 Xilinx, Inc. All Rights Reserved.

source Add1bitB.tcl -notrace
Command: synth_design -top Add1bitB -part xc7z010clg400-1
Starting synth_design
Attempting to get a license for feature 'Synthesis' and/or device 'xc7z010'
INFO: [Common 17-349] Got license for feature 'Synthesis' and/or device 'xc7z010'
INFO: [Device 21-403] Loading part xc7z010clg400-1
INFO: [Synth 8-7079] Multithreading enabled for synth_design using a maximum of 2 processes.
INFO: [Synth 8-7078] Launching helper process for spawning children vivado processes
INFO: [Synth 8-7075] Helper process launched with PID 18464
---------------------------------------------------------------------------------
Starting RTL Elaboration : Time (s): cpu = 00:00:02 ; elapsed = 00:00:02 . Memory (MB): peak = 1095.098 ; gain = 0.000
---------------------------------------------------------------------------------
INFO: [Synth 8-638] synthesizing module 'Add1bitB' [F:/Xilinx/Projects/S4_APP1/pb_APP_log_comb.srcs/sources_1/new/Add1bitB.vhd:42]
INFO: [Synth 8-256] done synthesizing module 'Add1bitB' (1#1) [F:/Xilinx/Projects/S4_APP1/pb_APP_log_comb.srcs/sources_1/new/Add1bitB.vhd:42]
---------------------------------------------------------------------------------
Finished RTL Elaboration : Time (s): cpu = 00:00:03 ; elapsed = 00:00:03 . Memory (MB): peak = 1104.621 ; gain = 9.523
---------------------------------------------------------------------------------
---------------------------------------------------------------------------------
Start Handling Custom Attributes
---------------------------------------------------------------------------------
---------------------------------------------------------------------------------
Finished Handling Custom Attributes : Time (s): cpu = 00:00:03 ; elapsed = 00:00:03 . Memory (MB): peak = 1104.621 ; gain = 9.523
---------------------------------------------------------------------------------
---------------------------------------------------------------------------------
Finished RTL Optimization Phase 1 : Time (s): cpu = 00:00:03 ; elapsed = 00:00:03 . Memory (MB): peak = 1104.621 ; gain = 9.523
---------------------------------------------------------------------------------
Netlist sorting complete. Time (s): cpu = 00:00:00 ; elapsed = 00:00:00 . Memory (MB): peak = 1104.621 ; gain = 0.000
INFO: [Project 1-570] Preparing netlist for logic optimization

Processing XDC Constraints
Initializing timing engine
Parsing XDC File [F:/Xilinx/Projects/S4_APP1/pb_APP_log_comb.srcs/constrs_1/imports/contraintes/AppCombi_top.xdc]
WARNING: [Vivado 12-584] No ports matched 'sysclk'. [F:/Xilinx/Projects/S4_APP1/pb_APP_log_comb.srcs/constrs_1/imports/contraintes/AppCombi_top.xdc:17]
CRITICAL WARNING: [Common 17-55] 'set_property' expects at least one object. [F:/Xilinx/Projects/S4_APP1/pb_APP_log_comb.srcs/constrs_1/imports/contraintes/AppCombi_top.xdc:17]
Resolution: If [get_<value>] was used to populate the object, check to make sure this command returns at least one valid object.
WARNING: [Vivado 12-584] No ports matched 'sysclk'. [F:/Xilinx/Projects/S4_APP1/pb_APP_log_comb.srcs/constrs_1/imports/contraintes/AppCombi_top.xdc:18]
CRITICAL WARNING: [Vivado 12-4739] create_clock:No valid object(s) found for '-objects [get_ports sysclk]'. [F:/Xilinx/Projects/S4_APP1/pb_APP_log_comb.srcs/constrs_1/imports/contraintes/AppCombi_top.xdc:18]
Resolution: Check if the specified object(s) exists in the current design. If it does, ensure that the correct design hierarchy was specified for the object. If you are working with clocks, make sure create_clock was used to create the clock object before it is referenced.
WARNING: [Vivado 12-584] No ports matched 'i_sw[0]'. [F:/Xilinx/Projects/S4_APP1/pb_APP_log_comb.srcs/constrs_1/imports/contraintes/AppCombi_top.xdc:21]
CRITICAL WARNING: [Common 17-55] 'set_property' expects at least one object. [F:/Xilinx/Projects/S4_APP1/pb_APP_log_comb.srcs/constrs_1/imports/contraintes/AppCombi_top.xdc:21]
Resolution: If [get_<value>] was used to populate the object, check to make sure this command returns at least one valid object.
WARNING: [Vivado 12-584] No ports matched 'i_sw[1]'. [F:/Xilinx/Projects/S4_APP1/pb_APP_log_comb.srcs/constrs_1/imports/contraintes/AppCombi_top.xdc:22]
CRITICAL WARNING: [Common 17-55] 'set_property' expects at least one object. [F:/Xilinx/Projects/S4_APP1/pb_APP_log_comb.srcs/constrs_1/imports/contraintes/AppCombi_top.xdc:22]
Resolution: If [get_<value>] was used to populate the object, check to make sure this command returns at least one valid object.
WARNING: [Vivado 12-584] No ports matched 'i_sw[2]'. [F:/Xilinx/Projects/S4_APP1/pb_APP_log_comb.srcs/constrs_1/imports/contraintes/AppCombi_top.xdc:23]
CRITICAL WARNING: [Common 17-55] 'set_property' expects at least one object. [F:/Xilinx/Projects/S4_APP1/pb_APP_log_comb.srcs/constrs_1/imports/contraintes/AppCombi_top.xdc:23]
Resolution: If [get_<value>] was used to populate the object, check to make sure this command returns at least one valid object.
WARNING: [Vivado 12-584] No ports matched 'i_sw[3]'. [F:/Xilinx/Projects/S4_APP1/pb_APP_log_comb.srcs/constrs_1/imports/contraintes/AppCombi_top.xdc:24]
CRITICAL WARNING: [Common 17-55] 'set_property' expects at least one object. [F:/Xilinx/Projects/S4_APP1/pb_APP_log_comb.srcs/constrs_1/imports/contraintes/AppCombi_top.xdc:24]
Resolution: If [get_<value>] was used to populate the object, check to make sure this command returns at least one valid object.
WARNING: [Vivado 12-584] No ports matched 'i_btn[0]'. [F:/Xilinx/Projects/S4_APP1/pb_APP_log_comb.srcs/constrs_1/imports/contraintes/AppCombi_top.xdc:27]
CRITICAL WARNING: [Common 17-55] 'set_property' expects at least one object. [F:/Xilinx/Projects/S4_APP1/pb_APP_log_comb.srcs/constrs_1/imports/contraintes/AppCombi_top.xdc:27]
Resolution: If [get_<value>] was used to populate the object, check to make sure this command returns at least one valid object.
WARNING: [Vivado 12-584] No ports matched 'i_btn[1]'. [F:/Xilinx/Projects/S4_APP1/pb_APP_log_comb.srcs/constrs_1/imports/contraintes/AppCombi_top.xdc:28]
CRITICAL WARNING: [Common 17-55] 'set_property' expects at least one object. [F:/Xilinx/Projects/S4_APP1/pb_APP_log_comb.srcs/constrs_1/imports/contraintes/AppCombi_top.xdc:28]
Resolution: If [get_<value>] was used to populate the object, check to make sure this command returns at least one valid object.
WARNING: [Vivado 12-584] No ports matched 'i_btn[2]'. [F:/Xilinx/Projects/S4_APP1/pb_APP_log_comb.srcs/constrs_1/imports/contraintes/AppCombi_top.xdc:29]
CRITICAL WARNING: [Common 17-55] 'set_property' expects at least one object. [F:/Xilinx/Projects/S4_APP1/pb_APP_log_comb.srcs/constrs_1/imports/contraintes/AppCombi_top.xdc:29]
Resolution: If [get_<value>] was used to populate the object, check to make sure this command returns at least one valid object.
WARNING: [Vivado 12-584] No ports matched 'i_btn[3]'. [F:/Xilinx/Projects/S4_APP1/pb_APP_log_comb.srcs/constrs_1/imports/contraintes/AppCombi_top.xdc:30]
CRITICAL WARNING: [Common 17-55] 'set_property' expects at least one object. [F:/Xilinx/Projects/S4_APP1/pb_APP_log_comb.srcs/constrs_1/imports/contraintes/AppCombi_top.xdc:30]
Resolution: If [get_<value>] was used to populate the object, check to make sure this command returns at least one valid object.
WARNING: [Vivado 12-584] No ports matched 'o_led[0]'. [F:/Xilinx/Projects/S4_APP1/pb_APP_log_comb.srcs/constrs_1/imports/contraintes/AppCombi_top.xdc:34]
CRITICAL WARNING: [Common 17-55] 'set_property' expects at least one object. [F:/Xilinx/Projects/S4_APP1/pb_APP_log_comb.srcs/constrs_1/imports/contraintes/AppCombi_top.xdc:34]
Resolution: If [get_<value>] was used to populate the object, check to make sure this command returns at least one valid object.
WARNING: [Vivado 12-584] No ports matched 'o_led[1]'. [F:/Xilinx/Projects/S4_APP1/pb_APP_log_comb.srcs/constrs_1/imports/contraintes/AppCombi_top.xdc:35]
CRITICAL WARNING: [Common 17-55] 'set_property' expects at least one object. [F:/Xilinx/Projects/S4_APP1/pb_APP_log_comb.srcs/constrs_1/imports/contraintes/AppCombi_top.xdc:35]
Resolution: If [get_<value>] was used to populate the object, check to make sure this command returns at least one valid object.
WARNING: [Vivado 12-584] No ports matched 'o_led[2]'. [F:/Xilinx/Projects/S4_APP1/pb_APP_log_comb.srcs/constrs_1/imports/contraintes/AppCombi_top.xdc:36]
CRITICAL WARNING: [Common 17-55] 'set_property' expects at least one object. [F:/Xilinx/Projects/S4_APP1/pb_APP_log_comb.srcs/constrs_1/imports/contraintes/AppCombi_top.xdc:36]
Resolution: If [get_<value>] was used to populate the object, check to make sure this command returns at least one valid object.
WARNING: [Vivado 12-584] No ports matched 'o_led[3]'. [F:/Xilinx/Projects/S4_APP1/pb_APP_log_comb.srcs/constrs_1/imports/contraintes/AppCombi_top.xdc:37]
CRITICAL WARNING: [Common 17-55] 'set_property' expects at least one object. [F:/Xilinx/Projects/S4_APP1/pb_APP_log_comb.srcs/constrs_1/imports/contraintes/AppCombi_top.xdc:37]
Resolution: If [get_<value>] was used to populate the object, check to make sure this command returns at least one valid object.
WARNING: [Vivado 12-584] No ports matched 'o_led6_r'. [F:/Xilinx/Projects/S4_APP1/pb_APP_log_comb.srcs/constrs_1/imports/contraintes/AppCombi_top.xdc:40]
CRITICAL WARNING: [Common 17-55] 'set_property' expects at least one object. [F:/Xilinx/Projects/S4_APP1/pb_APP_log_comb.srcs/constrs_1/imports/contraintes/AppCombi_top.xdc:40]
Resolution: If [get_<value>] was used to populate the object, check to make sure this command returns at least one valid object.
WARNING: [Vivado 12-584] No ports matched 'o_SSD[0]'. [F:/Xilinx/Projects/S4_APP1/pb_APP_log_comb.srcs/constrs_1/imports/contraintes/AppCombi_top.xdc:52]
CRITICAL WARNING: [Common 17-55] 'set_property' expects at least one object. [F:/Xilinx/Projects/S4_APP1/pb_APP_log_comb.srcs/constrs_1/imports/contraintes/AppCombi_top.xdc:52]
Resolution: If [get_<value>] was used to populate the object, check to make sure this command returns at least one valid object.
WARNING: [Vivado 12-584] No ports matched 'o_SSD[1]'. [F:/Xilinx/Projects/S4_APP1/pb_APP_log_comb.srcs/constrs_1/imports/contraintes/AppCombi_top.xdc:53]
CRITICAL WARNING: [Common 17-55] 'set_property' expects at least one object. [F:/Xilinx/Projects/S4_APP1/pb_APP_log_comb.srcs/constrs_1/imports/contraintes/AppCombi_top.xdc:53]
Resolution: If [get_<value>] was used to populate the object, check to make sure this command returns at least one valid object.
WARNING: [Vivado 12-584] No ports matched 'o_SSD[2]'. [F:/Xilinx/Projects/S4_APP1/pb_APP_log_comb.srcs/constrs_1/imports/contraintes/AppCombi_top.xdc:54]
CRITICAL WARNING: [Common 17-55] 'set_property' expects at least one object. [F:/Xilinx/Projects/S4_APP1/pb_APP_log_comb.srcs/constrs_1/imports/contraintes/AppCombi_top.xdc:54]
Resolution: If [get_<value>] was used to populate the object, check to make sure this command returns at least one valid object.
WARNING: [Vivado 12-584] No ports matched 'o_SSD[3]'. [F:/Xilinx/Projects/S4_APP1/pb_APP_log_comb.srcs/constrs_1/imports/contraintes/AppCombi_top.xdc:55]
CRITICAL WARNING: [Common 17-55] 'set_property' expects at least one object. [F:/Xilinx/Projects/S4_APP1/pb_APP_log_comb.srcs/constrs_1/imports/contraintes/AppCombi_top.xdc:55]
Resolution: If [get_<value>] was used to populate the object, check to make sure this command returns at least one valid object.
WARNING: [Vivado 12-584] No ports matched 'o_SSD[4]'. [F:/Xilinx/Projects/S4_APP1/pb_APP_log_comb.srcs/constrs_1/imports/contraintes/AppCombi_top.xdc:56]
CRITICAL WARNING: [Common 17-55] 'set_property' expects at least one object. [F:/Xilinx/Projects/S4_APP1/pb_APP_log_comb.srcs/constrs_1/imports/contraintes/AppCombi_top.xdc:56]
Resolution: If [get_<value>] was used to populate the object, check to make sure this command returns at least one valid object.
WARNING: [Vivado 12-584] No ports matched 'o_SSD[5]'. [F:/Xilinx/Projects/S4_APP1/pb_APP_log_comb.srcs/constrs_1/imports/contraintes/AppCombi_top.xdc:57]
CRITICAL WARNING: [Common 17-55] 'set_property' expects at least one object. [F:/Xilinx/Projects/S4_APP1/pb_APP_log_comb.srcs/constrs_1/imports/contraintes/AppCombi_top.xdc:57]
Resolution: If [get_<value>] was used to populate the object, check to make sure this command returns at least one valid object.
WARNING: [Vivado 12-584] No ports matched 'o_SSD[6]'. [F:/Xilinx/Projects/S4_APP1/pb_APP_log_comb.srcs/constrs_1/imports/contraintes/AppCombi_top.xdc:58]
CRITICAL WARNING: [Common 17-55] 'set_property' expects at least one object. [F:/Xilinx/Projects/S4_APP1/pb_APP_log_comb.srcs/constrs_1/imports/contraintes/AppCombi_top.xdc:58]
Resolution: If [get_<value>] was used to populate the object, check to make sure this command returns at least one valid object.
WARNING: [Vivado 12-584] No ports matched 'o_SSD[7]'. [F:/Xilinx/Projects/S4_APP1/pb_APP_log_comb.srcs/constrs_1/imports/contraintes/AppCombi_top.xdc:59]
CRITICAL WARNING: [Common 17-55] 'set_property' expects at least one object. [F:/Xilinx/Projects/S4_APP1/pb_APP_log_comb.srcs/constrs_1/imports/contraintes/AppCombi_top.xdc:59]
Resolution: If [get_<value>] was used to populate the object, check to make sure this command returns at least one valid object.
WARNING: [Vivado 12-584] No ports matched 'o_pmodled[0]'. [F:/Xilinx/Projects/S4_APP1/pb_APP_log_comb.srcs/constrs_1/imports/contraintes/AppCombi_top.xdc:62]
CRITICAL WARNING: [Common 17-55] 'set_property' expects at least one object. [F:/Xilinx/Projects/S4_APP1/pb_APP_log_comb.srcs/constrs_1/imports/contraintes/AppCombi_top.xdc:62]
Resolution: If [get_<value>] was used to populate the object, check to make sure this command returns at least one valid object.
WARNING: [Vivado 12-584] No ports matched 'o_pmodled[1]'. [F:/Xilinx/Projects/S4_APP1/pb_APP_log_comb.srcs/constrs_1/imports/contraintes/AppCombi_top.xdc:63]
CRITICAL WARNING: [Common 17-55] 'set_property' expects at least one object. [F:/Xilinx/Projects/S4_APP1/pb_APP_log_comb.srcs/constrs_1/imports/contraintes/AppCombi_top.xdc:63]
Resolution: If [get_<value>] was used to populate the object, check to make sure this command returns at least one valid object.
WARNING: [Vivado 12-584] No ports matched 'o_pmodled[2]'. [F:/Xilinx/Projects/S4_APP1/pb_APP_log_comb.srcs/constrs_1/imports/contraintes/AppCombi_top.xdc:64]
CRITICAL WARNING: [Common 17-55] 'set_property' expects at least one object. [F:/Xilinx/Projects/S4_APP1/pb_APP_log_comb.srcs/constrs_1/imports/contraintes/AppCombi_top.xdc:64]
Resolution: If [get_<value>] was used to populate the object, check to make sure this command returns at least one valid object.
WARNING: [Vivado 12-584] No ports matched 'o_pmodled[3]'. [F:/Xilinx/Projects/S4_APP1/pb_APP_log_comb.srcs/constrs_1/imports/contraintes/AppCombi_top.xdc:65]
CRITICAL WARNING: [Common 17-55] 'set_property' expects at least one object. [F:/Xilinx/Projects/S4_APP1/pb_APP_log_comb.srcs/constrs_1/imports/contraintes/AppCombi_top.xdc:65]
Resolution: If [get_<value>] was used to populate the object, check to make sure this command returns at least one valid object.
WARNING: [Vivado 12-584] No ports matched 'o_pmodled[4]'. [F:/Xilinx/Projects/S4_APP1/pb_APP_log_comb.srcs/constrs_1/imports/contraintes/AppCombi_top.xdc:66]
CRITICAL WARNING: [Common 17-55] 'set_property' expects at least one object. [F:/Xilinx/Projects/S4_APP1/pb_APP_log_comb.srcs/constrs_1/imports/contraintes/AppCombi_top.xdc:66]
Resolution: If [get_<value>] was used to populate the object, check to make sure this command returns at least one valid object.
WARNING: [Vivado 12-584] No ports matched 'o_pmodled[5]'. [F:/Xilinx/Projects/S4_APP1/pb_APP_log_comb.srcs/constrs_1/imports/contraintes/AppCombi_top.xdc:67]
CRITICAL WARNING: [Common 17-55] 'set_property' expects at least one object. [F:/Xilinx/Projects/S4_APP1/pb_APP_log_comb.srcs/constrs_1/imports/contraintes/AppCombi_top.xdc:67]
Resolution: If [get_<value>] was used to populate the object, check to make sure this command returns at least one valid object.
WARNING: [Vivado 12-584] No ports matched 'o_pmodled[6]'. [F:/Xilinx/Projects/S4_APP1/pb_APP_log_comb.srcs/constrs_1/imports/contraintes/AppCombi_top.xdc:68]
CRITICAL WARNING: [Common 17-55] 'set_property' expects at least one object. [F:/Xilinx/Projects/S4_APP1/pb_APP_log_comb.srcs/constrs_1/imports/contraintes/AppCombi_top.xdc:68]
Resolution: If [get_<value>] was used to populate the object, check to make sure this command returns at least one valid object.
WARNING: [Vivado 12-584] No ports matched 'o_pmodled[7]'. [F:/Xilinx/Projects/S4_APP1/pb_APP_log_comb.srcs/constrs_1/imports/contraintes/AppCombi_top.xdc:69]
CRITICAL WARNING: [Common 17-55] 'set_property' expects at least one object. [F:/Xilinx/Projects/S4_APP1/pb_APP_log_comb.srcs/constrs_1/imports/contraintes/AppCombi_top.xdc:69]
Resolution: If [get_<value>] was used to populate the object, check to make sure this command returns at least one valid object.
Finished Parsing XDC File [F:/Xilinx/Projects/S4_APP1/pb_APP_log_comb.srcs/constrs_1/imports/contraintes/AppCombi_top.xdc]
Completed Processing XDC Constraints

Netlist sorting complete. Time (s): cpu = 00:00:00 ; elapsed = 00:00:00 . Memory (MB): peak = 1166.598 ; gain = 0.000
INFO: [Project 1-111] Unisim Transformation Summary:
No Unisim elements were transformed.

Constraint Validation Runtime : Time (s): cpu = 00:00:00 ; elapsed = 00:00:00.003 . Memory (MB): peak = 1166.598 ; gain = 0.000
---------------------------------------------------------------------------------
Finished Constraint Validation : Time (s): cpu = 00:00:06 ; elapsed = 00:00:06 . Memory (MB): peak = 1166.598 ; gain = 71.500
---------------------------------------------------------------------------------
---------------------------------------------------------------------------------
Start Loading Part and Timing Information
---------------------------------------------------------------------------------
Loading part: xc7z010clg400-1
---------------------------------------------------------------------------------
Finished Loading Part and Timing Information : Time (s): cpu = 00:00:06 ; elapsed = 00:00:06 . Memory (MB): peak = 1166.598 ; gain = 71.500
---------------------------------------------------------------------------------
---------------------------------------------------------------------------------
Start Applying 'set_property' XDC Constraints
---------------------------------------------------------------------------------
---------------------------------------------------------------------------------
Finished applying 'set_property' XDC Constraints : Time (s): cpu = 00:00:06 ; elapsed = 00:00:06 . Memory (MB): peak = 1166.598 ; gain = 71.500
---------------------------------------------------------------------------------
---------------------------------------------------------------------------------
Finished RTL Optimization Phase 2 : Time (s): cpu = 00:00:06 ; elapsed = 00:00:06 . Memory (MB): peak = 1166.598 ; gain = 71.500
---------------------------------------------------------------------------------
---------------------------------------------------------------------------------
Start RTL Component Statistics 
---------------------------------------------------------------------------------
Detailed RTL Component Info : 
+---XORs : 
	   3 Input      1 Bit         XORs := 1     
---------------------------------------------------------------------------------
Finished RTL Component Statistics 
---------------------------------------------------------------------------------
---------------------------------------------------------------------------------
Start Part Resource Summary
---------------------------------------------------------------------------------
Part Resources:
DSPs: 80 (col length:40)
BRAMs: 120 (col length: RAMB18 40 RAMB36 20)
---------------------------------------------------------------------------------
Finished Part Resource Summary
---------------------------------------------------------------------------------
---------------------------------------------------------------------------------
Start Cross Boundary and Area Optimization
---------------------------------------------------------------------------------
---------------------------------------------------------------------------------
Finished Cross Boundary and Area Optimization : Time (s): cpu = 00:00:07 ; elapsed = 00:00:07 . Memory (MB): peak = 1166.598 ; gain = 71.500
---------------------------------------------------------------------------------
---------------------------------------------------------------------------------
Start Applying XDC Timing Constraints
---------------------------------------------------------------------------------
---------------------------------------------------------------------------------
Finished Applying XDC Timing Constraints : Time (s): cpu = 00:00:10 ; elapsed = 00:00:10 . Memory (MB): peak = 1190.633 ; gain = 95.535
---------------------------------------------------------------------------------
---------------------------------------------------------------------------------
Start Timing Optimization
---------------------------------------------------------------------------------
---------------------------------------------------------------------------------
Finished Timing Optimization : Time (s): cpu = 00:00:10 ; elapsed = 00:00:10 . Memory (MB): peak = 1190.707 ; gain = 95.609
---------------------------------------------------------------------------------
---------------------------------------------------------------------------------
Start Technology Mapping
---------------------------------------------------------------------------------
---------------------------------------------------------------------------------
Finished Technology Mapping : Time (s): cpu = 00:00:10 ; elapsed = 00:00:10 . Memory (MB): peak = 1209.824 ; gain = 114.727
---------------------------------------------------------------------------------
---------------------------------------------------------------------------------
Start IO Insertion
---------------------------------------------------------------------------------
---------------------------------------------------------------------------------
Start Flattening Before IO Insertion
---------------------------------------------------------------------------------
---------------------------------------------------------------------------------
Finished Flattening Before IO Insertion
---------------------------------------------------------------------------------
---------------------------------------------------------------------------------
Start Final Netlist Cleanup
---------------------------------------------------------------------------------
---------------------------------------------------------------------------------
Finished Final Netlist Cleanup
---------------------------------------------------------------------------------
---------------------------------------------------------------------------------
Finished IO Insertion : Time (s): cpu = 00:00:11 ; elapsed = 00:00:12 . Memory (MB): peak = 1216.559 ; gain = 121.461
---------------------------------------------------------------------------------
---------------------------------------------------------------------------------
Start Renaming Generated Instances
---------------------------------------------------------------------------------
---------------------------------------------------------------------------------
Finished Renaming Generated Instances : Time (s): cpu = 00:00:11 ; elapsed = 00:00:12 . Memory (MB): peak = 1216.559 ; gain = 121.461
---------------------------------------------------------------------------------
---------------------------------------------------------------------------------
Start Rebuilding User Hierarchy
---------------------------------------------------------------------------------
---------------------------------------------------------------------------------
Finished Rebuilding User Hierarchy : Time (s): cpu = 00:00:11 ; elapsed = 00:00:12 . Memory (MB): peak = 1216.559 ; gain = 121.461
---------------------------------------------------------------------------------
---------------------------------------------------------------------------------
Start Renaming Generated Ports
---------------------------------------------------------------------------------
---------------------------------------------------------------------------------
Finished Renaming Generated Ports : Time (s): cpu = 00:00:11 ; elapsed = 00:00:12 . Memory (MB): peak = 1216.559 ; gain = 121.461
---------------------------------------------------------------------------------
---------------------------------------------------------------------------------
Start Handling Custom Attributes
---------------------------------------------------------------------------------
---------------------------------------------------------------------------------
Finished Handling Custom Attributes : Time (s): cpu = 00:00:11 ; elapsed = 00:00:12 . Memory (MB): peak = 1216.559 ; gain = 121.461
---------------------------------------------------------------------------------
---------------------------------------------------------------------------------
Start Renaming Generated Nets
---------------------------------------------------------------------------------
---------------------------------------------------------------------------------
Finished Renaming Generated Nets : Time (s): cpu = 00:00:11 ; elapsed = 00:00:12 . Memory (MB): peak = 1216.559 ; gain = 121.461
---------------------------------------------------------------------------------
---------------------------------------------------------------------------------
Start Writing Synthesis Report
---------------------------------------------------------------------------------

Report BlackBoxes: 
+-+--------------+----------+
| |BlackBox name |Instances |
+-+--------------+----------+
+-+--------------+----------+

Report Cell Usage: 
+------+-----+------+
|      |Cell |Count |
+------+-----+------+
|1     |LUT3 |     2|
|2     |IBUF |     3|
|3     |OBUF |     2|
+------+-----+------+
---------------------------------------------------------------------------------
Finished Writing Synthesis Report : Time (s): cpu = 00:00:11 ; elapsed = 00:00:12 . Memory (MB): peak = 1216.559 ; gain = 121.461
---------------------------------------------------------------------------------
Synthesis finished with 0 errors, 0 critical warnings and 0 warnings.
Synthesis Optimization Runtime : Time (s): cpu = 00:00:08 ; elapsed = 00:00:11 . Memory (MB): peak = 1216.559 ; gain = 59.484
Synthesis Optimization Complete : Time (s): cpu = 00:00:12 ; elapsed = 00:00:12 . Memory (MB): peak = 1216.559 ; gain = 121.461
INFO: [Project 1-571] Translating synthesized netlist
Netlist sorting complete. Time (s): cpu = 00:00:00 ; elapsed = 00:00:00 . Memory (MB): peak = 1226.613 ; gain = 0.000
INFO: [Project 1-570] Preparing netlist for logic optimization
INFO: [Opt 31-138] Pushed 0 inverter(s) to 0 load pin(s).
Netlist sorting complete. Time (s): cpu = 00:00:00 ; elapsed = 00:00:00 . Memory (MB): peak = 1234.527 ; gain = 0.000
INFO: [Project 1-111] Unisim Transformation Summary:
No Unisim elements were transformed.

INFO: [Common 17-83] Releasing license: Synthesis
14 Infos, 31 Warnings, 31 Critical Warnings and 0 Errors encountered.
synth_design completed successfully
synth_design: Time (s): cpu = 00:00:14 ; elapsed = 00:00:19 . Memory (MB): peak = 1234.527 ; gain = 139.430
INFO: [runtcl-6] Synthesis results are not added to the cache due to CRITICAL_WARNING
INFO: [Common 17-1381] The checkpoint 'F:/Xilinx/Projects/S4_APP1/pb_APP_log_comb.runs/synth_1/Add1bitB.dcp' has been generated.
INFO: [runtcl-4] Executing : report_utilization -file Add1bitB_utilization_synth.rpt -pb Add1bitB_utilization_synth.pb
INFO: [Common 17-206] Exiting Vivado at Mon Jan 15 13:05:07 2024...
