#-----------------------------------------------------------
# Vivado v2020.2 (64-bit)
# SW Build 3064766 on Wed Nov 18 09:12:45 MST 2020
# IP Build 3064653 on Wed Nov 18 14:17:31 MST 2020
# Start of session at: Sat Jan 13 10:53:58 2024
# Process ID: 3712
# Current directory: F:/Xilinx/Projects/S4_APP1
# Command line: vivado.exe -gui_launcher_event rodinguilauncherevent6216 F:\Xilinx\Projects\S4_APP1\pb_APP_log_comb.xpr
# Log file: F:/Xilinx/Projects/S4_APP1/vivado.log
# Journal file: F:/Xilinx/Projects/S4_APP1\vivado.jou
#-----------------------------------------------------------
start_gui
open_project F:/Xilinx/Projects/S4_APP1/pb_APP_log_comb.xpr
INFO: [Project 1-313] Project file moved from 'F:/Xilinx/Projects/APP1' since last save.
WARNING: [filemgmt 56-2] Default IP Output Path : Could not find the directory 'F:/Xilinx/Projects/S4_APP1/pb_APP_log_comb.gen/sources_1', nor could it be found using path 'F:/Xilinx/Projects/APP1/pb_APP_log_comb.gen/sources_1'.
Scanning sources...
Finished scanning sources
INFO: [IP_Flow 19-234] Refreshing IP repositories
INFO: [IP_Flow 19-1704] No user IP repositories specified
INFO: [IP_Flow 19-2313] Loaded Vivado IP repository 'F:/Xilinx/Install/Vivado/2020.2/data/ip'.
close_project
